# JRE version: Java(TM) SE Runtime Environment (8.0_11-b12) (build 1.8.0_11-b12)
# Java VM: Java HotSpot(TM) 64-Bit Server VM (25.11-b03 mixed mode windows-amd64 compressed oops)
Heap:
 PSYoungGen      total 10752K, used 6358K [0x000000076af80000, 0x000000076bb00000, 0x00000007c0000000)
  eden space 10240K, 60% used [0x000000076af80000,0x000000076b595b60,0x000000076b980000)
  from space 512K, 25% used [0x000000076ba00000,0x000000076ba20000,0x000000076ba80000)
  to   space 512K, 0% used [0x000000076ba80000,0x000000076ba80000,0x000000076bb00000)
 ParOldGen       total 260608K, used 9588K [0x00000006c0e00000, 0x00000006d0c80000, 0x000000076af80000)
  object space 260608K, 3% used [0x00000006c0e00000,0x00000006c175d030,0x00000006d0c80000)
 Metaspace       used 11742K, capacity 11888K, committed 12032K, reserved 1060864K
  class space    used 1432K, capacity 1473K, committed 1536K, reserved 1048576K
GC Heap History (10 events):
Event: 87.850 GC heap before
{Heap before GC invocations=63 (full 0):
 PSYoungGen      total 10752K, used 10368K [0x000000076af80000, 0x000000076bb00000, 0x00000007c0000000)
  eden space 10240K, 100% used [0x000000076af80000,0x000000076b980000,0x000000076b980000)
  from space 512K, 25% used [0x000000076ba80000,0x000000076baa0000,0x000000076bb00000)
  to   space 512K, 0% used [0x000000076ba00000,0x000000076ba00000,0x000000076ba80000)
 ParOldGen       total 260608K, used 9572K [0x00000006c0e00000, 0x00000006d0c80000, 0x000000076af80000)
  object space 260608K, 3% used [0x00000006c0e00000,0x00000006c1759030,0x00000006d0c80000)
 Metaspace       used 11731K, capacity 11888K, committed 12032K, reserved 1060864K
  class space    used 1430K, capacity 1473K, committed 1536K, reserved 1048576K
Event: 87.851 GC heap after
Heap after GC invocations=63 (full 0):
 PSYoungGen      total 10752K, used 128K [0x000000076af80000, 0x000000076bb00000, 0x00000007c0000000)
  eden space 10240K, 0% used [0x000000076af80000,0x000000076af80000,0x000000076b980000)
  from space 512K, 25% used [0x000000076ba00000,0x000000076ba20000,0x000000076ba80000)
  to   space 512K, 0% used [0x000000076ba80000,0x000000076ba80000,0x000000076bb00000)
 ParOldGen       total 260608K, used 9588K [0x00000006c0e00000, 0x00000006d0c80000, 0x000000076af80000)
  object space 260608K, 3% used [0x00000006c0e00000,0x00000006c175d030,0x00000006d0c80000)
 Metaspace       used 11731K, capacity 11888K, committed 12032K, reserved 1060864K
  class space    used 1430K, capacity 1473K, committed 1536K, reserved 1048576K
}
Event: 89.737 GC heap before
{Heap before GC invocations=64 (full 0):
 PSYoungGen      total 10752K, used 10368K [0x000000076af80000, 0x000000076bb00000, 0x00000007c0000000)
  eden space 10240K, 100% used [0x000000076af80000,0x000000076b980000,0x000000076b980000)
  from space 512K, 25% used [0x000000076ba00000,0x000000076ba20000,0x000000076ba80000)
  to   space 512K, 0% used [0x000000076ba80000,0x000000076ba80000,0x000000076bb00000)
 ParOldGen       total 260608K, used 9588K [0x00000006c0e00000, 0x00000006d0c80000, 0x000000076af80000)
  object space 260608K, 3% used [0x00000006c0e00000,0x00000006c175d030,0x00000006d0c80000)
 Metaspace       used 11731K, capacity 11888K, committed 12032K, reserved 1060864K
  class space    used 1430K, capacity 1473K, committed 1536K, reserved 1048576K
Event: 89.737 GC heap after
Heap after GC invocations=64 (full 0):
 PSYoungGen      total 10752K, used 128K [0x000000076af80000, 0x000000076bb00000, 0x00000007c0000000)
  eden space 10240K, 0% used [0x000000076af80000,0x000000076af80000,0x000000076b980000)
  from space 512K, 25% used [0x000000076ba80000,0x000000076baa0000,0x000000076bb00000)
  to   space 512K, 0% used [0x000000076ba00000,0x000000076ba00000,0x000000076ba80000)
 ParOldGen       total 260608K, used 9588K [0x00000006c0e00000, 0x00000006d0c80000, 0x000000076af80000)
  object space 260608K, 3% used [0x00000006c0e00000,0x00000006c175d030,0x00000006d0c80000)
 Metaspace       used 11731K, capacity 11888K, committed 12032K, reserved 1060864K
  class space    used 1430K, capacity 1473K, committed 1536K, reserved 1048576K
}
Event: 91.623 GC heap before
{Heap before GC invocations=65 (full 0):
 PSYoungGen      total 10752K, used 10368K [0x000000076af80000, 0x000000076bb00000, 0x00000007c0000000)
  eden space 10240K, 100% used [0x000000076af80000,0x000000076b980000,0x000000076b980000)
  from space 512K, 25% used [0x000000076ba80000,0x000000076baa0000,0x000000076bb00000)
  to   space 512K, 0% used [0x000000076ba00000,0x000000076ba00000,0x000000076ba80000)
 ParOldGen       total 260608K, used 9588K [0x00000006c0e00000, 0x00000006d0c80000, 0x000000076af80000)
  object space 260608K, 3% used [0x00000006c0e00000,0x00000006c175d030,0x00000006d0c80000)
 Metaspace       used 11731K, capacity 11888K, committed 12032K, reserved 1060864K
  class space    used 1430K, capacity 1473K, committed 1536K, reserved 1048576K
Event: 91.640 GC heap after
Heap after GC invocations=65 (full 0):
 PSYoungGen      total 10752K, used 96K [0x000000076af80000, 0x000000076bb00000, 0x00000007c0000000)
  eden space 10240K, 0% used [0x000000076af80000,0x000000076af80000,0x000000076b980000)
  from space 512K, 18% used [0x000000076ba00000,0x000000076ba18000,0x000000076ba80000)
  to   space 512K, 0% used [0x000000076ba80000,0x000000076ba80000,0x000000076bb00000)
 ParOldGen       total 260608K, used 9588K [0x00000006c0e00000, 0x00000006d0c80000, 0x000000076af80000)
  object space 260608K, 3% used [0x00000006c0e00000,0x00000006c175d030,0x00000006d0c80000)
 Metaspace       used 11731K, capacity 11888K, committed 12032K, reserved 1060864K
  class space    used 1430K, capacity 1473K, committed 1536K, reserved 1048576K
}
Event: 93.509 GC heap before
{Heap before GC invocations=66 (full 0):
 PSYoungGen      total 10752K, used 10336K [0x000000076af80000, 0x000000076bb00000, 0x00000007c0000000)
  eden space 10240K, 100% used [0x000000076af80000,0x000000076b980000,0x000000076b980000)
  from space 512K, 18% used [0x000000076ba00000,0x000000076ba18000,0x000000076ba80000)
  to   space 512K, 0% used [0x000000076ba80000,0x000000076ba80000,0x000000076bb00000)
 ParOldGen       total 260608K, used 9588K [0x00000006c0e00000, 0x00000006d0c80000, 0x000000076af80000)
  object space 260608K, 3% used [0x00000006c0e00000,0x00000006c175d030,0x00000006d0c80000)
 Metaspace       used 11731K, capacity 11888K, committed 12032K, reserved 1060864K
  class space    used 1430K, capacity 1473K, committed 1536K, reserved 1048576K
Event: 93.511 GC heap after
Heap after GC invocations=66 (full 0):
 PSYoungGen      total 10752K, used 96K [0x000000076af80000, 0x000000076bb00000, 0x00000007c0000000)
  eden space 10240K, 0% used [0x000000076af80000,0x000000076af80000,0x000000076b980000)
  from space 512K, 18% used [0x000000076ba80000,0x000000076ba98000,0x000000076bb00000)
  to   space 512K, 0% used [0x000000076ba00000,0x000000076ba00000,0x000000076ba80000)
 ParOldGen       total 260608K, used 9588K [0x00000006c0e00000, 0x00000006d0c80000, 0x000000076af80000)
  object space 260608K, 3% used [0x00000006c0e00000,0x00000006c175d030,0x00000006d0c80000)
 Metaspace       used 11731K, capacity 11888K, committed 12032K, reserved 1060864K
  class space    used 1430K, capacity 1473K, committed 1536K, reserved 1048576K
}
Event: 95.394 GC heap before
{Heap before GC invocations=67 (full 0):
 PSYoungGen      total 10752K, used 10336K [0x000000076af80000, 0x000000076bb00000, 0x00000007c0000000)
  eden space 10240K, 100% used [0x000000076af80000,0x000000076b980000,0x000000076b980000)
  from space 512K, 18% used [0x000000076ba80000,0x000000076ba98000,0x000000076bb00000)
  to   space 512K, 0% used [0x000000076ba00000,0x000000076ba00000,0x000000076ba80000)
 ParOldGen       total 260608K, used 9588K [0x00000006c0e00000, 0x00000006d0c80000, 0x000000076af80000)
  object space 260608K, 3% used [0x00000006c0e00000,0x00000006c175d030,0x00000006d0c80000)
 Metaspace       used 11731K, capacity 11888K, committed 12032K, reserved 1060864K
  class space    used 1430K, capacity 1473K, committed 1536K, reserved 1048576K
Event: 95.395 GC heap after
Heap after GC invocations=67 (full 0):
 PSYoungGen      total 10752K, used 128K [0x000000076af80000, 0x000000076bb00000, 0x00000007c0000000)
  eden space 10240K, 0% used [0x000000076af80000,0x000000076af80000,0x000000076b980000)
  from space 512K, 25% used [0x000000076ba00000,0x000000076ba20000,0x000000076ba80000)
  to   space 512K, 0% used [0x000000076ba80000,0x000000076ba80000,0x000000076bb00000)
 ParOldGen       total 260608K, used 9588K [0x00000006c0e00000, 0x00000006d0c80000, 0x000000076af80000)
  object space 260608K, 3% used [0x00000006c0e00000,0x00000006c175d030,0x00000006d0c80000)
 Metaspace       used 11731K, capacity 11888K, committed 12032K, reserved 1060864K
  class space    used 1430K, capacity 1473K, committed 1536K, reserved 1048576K
}

